2023-05-22T15:48:37.868+02:00  INFO 16288 --- [main] com.magasin.magasin.MagasinApplication   : Starting MagasinApplication using Java 20 with PID 16288 (C:\Users\Carl\OneDrive\Documents\Cours\App magasin\magasin\magasin\target\classes started by Carl in C:\Users\Carl\OneDrive\Documents\Cours\App magasin\magasin)
2023-05-22T15:48:37.871+02:00  INFO 16288 --- [main] com.magasin.magasin.MagasinApplication   : No active profile set, falling back to 1 default profile: "default"
2023-05-22T15:48:39.006+02:00  INFO 16288 --- [main] .s.d.r.c.RepositoryConfigurationDelegate : Bootstrapping Spring Data JPA repositories in DEFAULT mode.
2023-05-22T15:48:39.108+02:00  INFO 16288 --- [main] .s.d.r.c.RepositoryConfigurationDelegate : Finished Spring Data repository scanning in 89 ms. Found 2 JPA repository interfaces.
2023-05-22T15:48:39.978+02:00  INFO 16288 --- [main] o.s.b.w.embedded.tomcat.TomcatWebServer  : Tomcat initialized with port(s): 8080 (http)
2023-05-22T15:48:39.994+02:00  INFO 16288 --- [main] o.apache.catalina.core.StandardService   : Starting service [Tomcat]
2023-05-22T15:48:39.994+02:00  INFO 16288 --- [main] o.apache.catalina.core.StandardEngine    : Starting Servlet engine: [Apache Tomcat/10.1.8]
2023-05-22T15:48:40.126+02:00  INFO 16288 --- [main] o.a.c.c.C.[Tomcat].[localhost].[/]       : Initializing Spring embedded WebApplicationContext
2023-05-22T15:48:40.127+02:00  INFO 16288 --- [main] w.s.c.ServletWebServerApplicationContext : Root WebApplicationContext: initialization completed in 2164 ms
2023-05-22T15:48:40.377+02:00  INFO 16288 --- [main] o.hibernate.jpa.internal.util.LogHelper  : HHH000204: Processing PersistenceUnitInfo [name: default]
2023-05-22T15:48:40.501+02:00  INFO 16288 --- [main] org.hibernate.Version                    : HHH000412: Hibernate ORM core version 6.2.2.Final
2023-05-22T15:48:40.505+02:00  INFO 16288 --- [main] org.hibernate.cfg.Environment            : HHH000406: Using bytecode reflection optimizer
2023-05-22T15:48:40.780+02:00  INFO 16288 --- [main] o.h.b.i.BytecodeProviderInitiator        : HHH000021: Bytecode provider name : bytebuddy
2023-05-22T15:48:41.050+02:00  INFO 16288 --- [main] o.s.o.j.p.SpringPersistenceUnitInfo      : No LoadTimeWeaver setup: ignoring JPA class transformer
2023-05-22T15:48:41.078+02:00  INFO 16288 --- [main] com.zaxxer.hikari.HikariDataSource       : magasindb - Starting...
2023-05-22T15:48:41.464+02:00  INFO 16288 --- [main] com.zaxxer.hikari.pool.HikariPool        : magasindb - Added connection org.postgresql.jdbc.PgConnection@b7d2d51
2023-05-22T15:48:41.467+02:00  INFO 16288 --- [main] com.zaxxer.hikari.HikariDataSource       : magasindb - Start completed.
2023-05-22T15:48:41.525+02:00  INFO 16288 --- [main] org.hibernate.orm.dialect                : HHH035001: Using dialect: org.hibernate.dialect.PostgreSQLDialect, version: org.hibernate.engine.jdbc.env.internal.JdbcEnvironmentInitiator$DialectResolutionInfoImpl@2c579202
2023-05-22T15:48:41.945+02:00  INFO 16288 --- [main] o.h.b.i.BytecodeProviderInitiator        : HHH000021: Bytecode provider name : bytebuddy
2023-05-22T15:48:43.053+02:00  INFO 16288 --- [main] o.h.e.t.j.p.i.JtaPlatformInitiator       : HHH000490: Using JtaPlatform implementation: [org.hibernate.engine.transaction.jta.platform.internal.NoJtaPlatform]
2023-05-22T15:48:43.101+02:00  WARN 16288 --- [main] o.h.engine.jdbc.spi.SqlExceptionHelper   : SQL Warning Code: 0, SQLState: 00000
2023-05-22T15:48:43.102+02:00  WARN 16288 --- [main] o.h.engine.jdbc.spi.SqlExceptionHelper   : constraint "fk5yc8qrid63ddayk8yvqqerh80" of relation "articles" does not exist, skipping
2023-05-22T15:48:43.215+02:00  INFO 16288 --- [main] o.h.t.s.i.e.GenerationTargetToDatabase   : HHH000476: Executing script '[injected ScriptSourceInputNonExistentImpl script]'
2023-05-22T15:48:43.219+02:00  INFO 16288 --- [main] j.LocalContainerEntityManagerFactoryBean : Initialized JPA EntityManagerFactory for persistence unit 'default'
2023-05-22T15:48:43.652+02:00  WARN 16288 --- [main] JpaBaseConfiguration$JpaWebConfiguration : spring.jpa.open-in-view is enabled by default. Therefore, database queries may be performed during view rendering. Explicitly configure spring.jpa.open-in-view to disable this warning
2023-05-22T15:48:44.127+02:00  WARN 16288 --- [main] .s.s.UserDetailsServiceAutoConfiguration : 

Using generated security password: d2a4747a-5ff5-4261-8f61-17d4804f55a8

This generated password is for development use only. Your security configuration must be updated before running your application in production.

2023-05-22T15:48:44.349+02:00  INFO 16288 --- [main] o.s.s.web.DefaultSecurityFilterChain     : Will secure any request with [org.springframework.security.web.session.DisableEncodeUrlFilter@7fba492e, org.springframework.security.web.context.request.async.WebAsyncManagerIntegrationFilter@6eeeb9da, org.springframework.security.web.context.SecurityContextHolderFilter@5bc1903, org.springframework.security.web.header.HeaderWriterFilter@71c91121, org.springframework.security.web.csrf.CsrfFilter@34604b32, org.springframework.security.web.authentication.logout.LogoutFilter@3c29f6be, org.springframework.security.web.authentication.UsernamePasswordAuthenticationFilter@136a4800, org.springframework.security.web.authentication.ui.DefaultLoginPageGeneratingFilter@3efd3302, org.springframework.security.web.authentication.ui.DefaultLogoutPageGeneratingFilter@17635531, org.springframework.security.web.authentication.www.BasicAuthenticationFilter@32d46229, org.springframework.security.web.savedrequest.RequestCacheAwareFilter@1ecd09d5, org.springframework.security.web.servletapi.SecurityContextHolderAwareRequestFilter@33478a2f, org.springframework.security.web.authentication.AnonymousAuthenticationFilter@2e488e45, org.springframework.security.web.access.ExceptionTranslationFilter@761f1a28, org.springframework.security.web.access.intercept.AuthorizationFilter@2210af14]
2023-05-22T15:48:44.459+02:00  WARN 16288 --- [main] ConfigServletWebServerApplicationContext : Exception encountered during context initialization - cancelling refresh attempt: org.springframework.context.ApplicationContextException: Failed to start bean 'webServerStartStop'
2023-05-22T15:48:44.463+02:00  INFO 16288 --- [main] j.LocalContainerEntityManagerFactoryBean : Closing JPA EntityManagerFactory for persistence unit 'default'
2023-05-22T15:48:44.464+02:00  INFO 16288 --- [main] .SchemaDropperImpl$DelayedDropActionImpl : HHH000477: Starting delayed evictData of schema as part of SessionFactory shut-down'
2023-05-22T15:48:44.547+02:00  INFO 16288 --- [main] com.zaxxer.hikari.HikariDataSource       : magasindb - Shutdown initiated...
2023-05-22T15:48:44.554+02:00  INFO 16288 --- [main] com.zaxxer.hikari.HikariDataSource       : magasindb - Shutdown completed.
2023-05-22T15:48:44.561+02:00  INFO 16288 --- [main] o.apache.catalina.core.StandardService   : Stopping service [Tomcat]
2023-05-22T15:48:44.596+02:00  INFO 16288 --- [main] .s.b.a.l.ConditionEvaluationReportLogger : 

Error starting ApplicationContext. To display the condition evaluation report re-run your application with 'debug' enabled.
2023-05-22T15:48:44.635+02:00 ERROR 16288 --- [main] o.s.b.d.LoggingFailureAnalysisReporter   : 

***************************
APPLICATION FAILED TO START
***************************

Description:

Web server failed to start. Port 8080 was already in use.

Action:

Identify and stop the process that's listening on port 8080 or configure this application to listen on another port.

2023-05-22T15:56:19.286+02:00  INFO 12160 --- [main] com.magasin.magasin.MagasinApplication   : Starting MagasinApplication using Java 20 with PID 12160 (C:\Users\Carl\OneDrive\Documents\Cours\App magasin\magasin\magasin\target\classes started by Carl in C:\Users\Carl\OneDrive\Documents\Cours\App magasin\magasin)
2023-05-22T15:56:19.290+02:00  INFO 12160 --- [main] com.magasin.magasin.MagasinApplication   : No active profile set, falling back to 1 default profile: "default"
2023-05-22T15:56:20.379+02:00  INFO 12160 --- [main] .s.d.r.c.RepositoryConfigurationDelegate : Bootstrapping Spring Data JPA repositories in DEFAULT mode.
2023-05-22T15:56:20.491+02:00  INFO 12160 --- [main] .s.d.r.c.RepositoryConfigurationDelegate : Finished Spring Data repository scanning in 99 ms. Found 2 JPA repository interfaces.
2023-05-22T15:56:21.455+02:00  INFO 12160 --- [main] o.s.b.w.embedded.tomcat.TomcatWebServer  : Tomcat initialized with port(s): 8080 (http)
2023-05-22T15:56:21.473+02:00  INFO 12160 --- [main] o.apache.catalina.core.StandardService   : Starting service [Tomcat]
2023-05-22T15:56:21.474+02:00  INFO 12160 --- [main] o.apache.catalina.core.StandardEngine    : Starting Servlet engine: [Apache Tomcat/10.1.8]
2023-05-22T15:56:21.618+02:00  INFO 12160 --- [main] o.a.c.c.C.[Tomcat].[localhost].[/]       : Initializing Spring embedded WebApplicationContext
2023-05-22T15:56:21.619+02:00  INFO 12160 --- [main] w.s.c.ServletWebServerApplicationContext : Root WebApplicationContext: initialization completed in 2235 ms
2023-05-22T15:56:21.895+02:00  INFO 12160 --- [main] o.hibernate.jpa.internal.util.LogHelper  : HHH000204: Processing PersistenceUnitInfo [name: default]
2023-05-22T15:56:22.026+02:00  INFO 12160 --- [main] org.hibernate.Version                    : HHH000412: Hibernate ORM core version 6.2.2.Final
2023-05-22T15:56:22.032+02:00  INFO 12160 --- [main] org.hibernate.cfg.Environment            : HHH000406: Using bytecode reflection optimizer
2023-05-22T15:56:22.434+02:00  INFO 12160 --- [main] o.h.b.i.BytecodeProviderInitiator        : HHH000021: Bytecode provider name : bytebuddy
2023-05-22T15:56:22.774+02:00  INFO 12160 --- [main] o.s.o.j.p.SpringPersistenceUnitInfo      : No LoadTimeWeaver setup: ignoring JPA class transformer
2023-05-22T15:56:22.806+02:00  INFO 12160 --- [main] com.zaxxer.hikari.HikariDataSource       : magasindb - Starting...
2023-05-22T15:56:23.102+02:00  INFO 12160 --- [main] com.zaxxer.hikari.pool.HikariPool        : magasindb - Added connection org.postgresql.jdbc.PgConnection@3a45afd4
2023-05-22T15:56:23.105+02:00  INFO 12160 --- [main] com.zaxxer.hikari.HikariDataSource       : magasindb - Start completed.
2023-05-22T15:56:23.171+02:00  INFO 12160 --- [main] org.hibernate.orm.dialect                : HHH035001: Using dialect: org.hibernate.dialect.PostgreSQLDialect, version: org.hibernate.engine.jdbc.env.internal.JdbcEnvironmentInitiator$DialectResolutionInfoImpl@597a7afa
2023-05-22T15:56:23.651+02:00  INFO 12160 --- [main] o.h.b.i.BytecodeProviderInitiator        : HHH000021: Bytecode provider name : bytebuddy
2023-05-22T15:56:24.745+02:00  INFO 12160 --- [main] o.h.e.t.j.p.i.JtaPlatformInitiator       : HHH000490: Using JtaPlatform implementation: [org.hibernate.engine.transaction.jta.platform.internal.NoJtaPlatform]
2023-05-22T15:56:24.794+02:00  WARN 12160 --- [main] o.h.engine.jdbc.spi.SqlExceptionHelper   : SQL Warning Code: 0, SQLState: 00000
2023-05-22T15:56:24.795+02:00  WARN 12160 --- [main] o.h.engine.jdbc.spi.SqlExceptionHelper   : relation "articles" does not exist, skipping
2023-05-22T15:56:24.797+02:00  WARN 12160 --- [main] o.h.engine.jdbc.spi.SqlExceptionHelper   : SQL Warning Code: 0, SQLState: 00000
2023-05-22T15:56:24.797+02:00  WARN 12160 --- [main] o.h.engine.jdbc.spi.SqlExceptionHelper   : table "articles" does not exist, skipping
2023-05-22T15:56:24.800+02:00  WARN 12160 --- [main] o.h.engine.jdbc.spi.SqlExceptionHelper   : SQL Warning Code: 0, SQLState: 00000
2023-05-22T15:56:24.801+02:00  WARN 12160 --- [main] o.h.engine.jdbc.spi.SqlExceptionHelper   : table "commandes" does not exist, skipping
2023-05-22T15:56:24.869+02:00  INFO 12160 --- [main] o.h.t.s.i.e.GenerationTargetToDatabase   : HHH000476: Executing script '[injected ScriptSourceInputNonExistentImpl script]'
2023-05-22T15:56:24.872+02:00  INFO 12160 --- [main] j.LocalContainerEntityManagerFactoryBean : Initialized JPA EntityManagerFactory for persistence unit 'default'
2023-05-22T15:56:25.296+02:00  WARN 12160 --- [main] JpaBaseConfiguration$JpaWebConfiguration : spring.jpa.open-in-view is enabled by default. Therefore, database queries may be performed during view rendering. Explicitly configure spring.jpa.open-in-view to disable this warning
2023-05-22T15:56:25.751+02:00  WARN 12160 --- [main] .s.s.UserDetailsServiceAutoConfiguration : 

Using generated security password: 6c9d63e3-a784-45b3-bd5f-efca708a50b0

This generated password is for development use only. Your security configuration must be updated before running your application in production.

2023-05-22T15:56:25.936+02:00  INFO 12160 --- [main] o.s.s.web.DefaultSecurityFilterChain     : Will secure any request with [org.springframework.security.web.session.DisableEncodeUrlFilter@4d682397, org.springframework.security.web.context.request.async.WebAsyncManagerIntegrationFilter@444ebefd, org.springframework.security.web.context.SecurityContextHolderFilter@57283fac, org.springframework.security.web.header.HeaderWriterFilter@628f0936, org.springframework.security.web.csrf.CsrfFilter@22a22f1, org.springframework.security.web.authentication.logout.LogoutFilter@279ebd94, org.springframework.security.web.authentication.UsernamePasswordAuthenticationFilter@502b9399, org.springframework.security.web.authentication.ui.DefaultLoginPageGeneratingFilter@6560f387, org.springframework.security.web.authentication.ui.DefaultLogoutPageGeneratingFilter@2ecf4b3e, org.springframework.security.web.authentication.www.BasicAuthenticationFilter@2bf45b7c, org.springframework.security.web.savedrequest.RequestCacheAwareFilter@6e54bef6, org.springframework.security.web.servletapi.SecurityContextHolderAwareRequestFilter@4faaff61, org.springframework.security.web.authentication.AnonymousAuthenticationFilter@5f1c406e, org.springframework.security.web.access.ExceptionTranslationFilter@10abd94f, org.springframework.security.web.access.intercept.AuthorizationFilter@1f251bf1]
2023-05-22T15:56:26.048+02:00  INFO 12160 --- [main] o.s.b.w.embedded.tomcat.TomcatWebServer  : Tomcat started on port(s): 8080 (http) with context path ''
2023-05-22T15:56:26.059+02:00  INFO 12160 --- [main] com.magasin.magasin.MagasinApplication   : Started MagasinApplication in 7.577 seconds (process running for 9.004)
